
AVRASM ver. 2.1.30  D:\DANG THU HUYEN_N21DCVT040_D21CQVT01-N\code AVR\List\ktra.asm Wed Dec 27 13:28:31 2023

D:\DANG THU HUYEN_N21DCVT040_D21CQVT01-N\code AVR\List\ktra.asm(1059): warning: Register r4 already defined by the .DEF directive
D:\DANG THU HUYEN_N21DCVT040_D21CQVT01-N\code AVR\List\ktra.asm(1060): warning: Register r6 already defined by the .DEF directive
D:\DANG THU HUYEN_N21DCVT040_D21CQVT01-N\code AVR\List\ktra.asm(1061): warning: Register r8 already defined by the .DEF directive
                 
                 
                 ;CodeVisionAVR C Compiler V2.05.0 Professional
                 ;(C) Copyright 1998-2010 Pavel Haiduc, HP InfoTech s.r.l.
                 ;http://www.hpinfotech.com
                 
                 ;Chip type                : ATmega16
                 ;Program type             : Application
                 ;Clock frequency          : 8.000000 MHz
                 ;Memory model             : Small
                 ;Optimize for             : Size
                 ;(s)printf features       : int, width
                 ;(s)scanf features        : int, width
                 ;External RAM size        : 0
                 ;Data Stack size          : 256 byte(s)
                 ;Heap size                : 0 byte(s)
                 ;Promote 'char' to 'int'  : Yes
                 ;'char' is unsigned       : Yes
                 ;8 bit enums              : Yes
                 ;global 'const' stored in FLASH: No
                 ;Enhanced core instructions    : On
                 ;Smart register allocation     : On
                 ;Automatic register allocation : On
                 
                 	#pragma AVRPART ADMIN PART_NAME ATmega16
                 	#pragma AVRPART MEMORY PROG_FLASH 16384
                 	#pragma AVRPART MEMORY EEPROM 512
                 	#pragma AVRPART MEMORY INT_SRAM SIZE 1119
                 	#pragma AVRPART MEMORY INT_SRAM START_ADDR 0x60
                 
                 	#define CALL_SUPPORTED 1
                 
                 	.LISTMAC
                 	.EQU UDRE=0x5
                 	.EQU RXC=0x7
                 	.EQU USR=0xB
                 	.EQU UDR=0xC
                 	.EQU SPSR=0xE
                 	.EQU SPDR=0xF
                 	.EQU EERE=0x0
                 	.EQU EEWE=0x1
                 	.EQU EEMWE=0x2
                 	.EQU EECR=0x1C
                 	.EQU EEDR=0x1D
                 	.EQU EEARL=0x1E
                 	.EQU EEARH=0x1F
                 	.EQU WDTCR=0x21
                 	.EQU MCUCR=0x35
                 	.EQU GICR=0x3B
                 	.EQU SPL=0x3D
                 	.EQU SPH=0x3E
                 	.EQU SREG=0x3F
                 
                 	.DEF R0X0=R0
                 	.DEF R0X1=R1
                 	.DEF R0X2=R2
                 	.DEF R0X3=R3
                 	.DEF R0X4=R4
                 	.DEF R0X5=R5
                 	.DEF R0X6=R6
                 	.DEF R0X7=R7
                 	.DEF R0X8=R8
                 	.DEF R0X9=R9
                 	.DEF R0XA=R10
                 	.DEF R0XB=R11
                 	.DEF R0XC=R12
                 	.DEF R0XD=R13
                 	.DEF R0XE=R14
                 	.DEF R0XF=R15
                 	.DEF R0X10=R16
                 	.DEF R0X11=R17
                 	.DEF R0X12=R18
                 	.DEF R0X13=R19
                 	.DEF R0X14=R20
                 	.DEF R0X15=R21
                 	.DEF R0X16=R22
                 	.DEF R0X17=R23
                 	.DEF R0X18=R24
                 	.DEF R0X19=R25
                 	.DEF R0X1A=R26
                 	.DEF R0X1B=R27
                 	.DEF R0X1C=R28
                 	.DEF R0X1D=R29
                 	.DEF R0X1E=R30
                 	.DEF R0X1F=R31
                 
                 	.EQU __SRAM_START=0x0060
                 	.EQU __SRAM_END=0x045F
                 	.EQU __DSTACK_SIZE=0x0100
                 	.EQU __HEAP_SIZE=0x0000
                 	.EQU __CLEAR_SRAM_SIZE=__SRAM_END-__SRAM_START+1
                 
                 	.MACRO __CPD1N
                 	CPI  R30,LOW(@0)
                 	LDI  R26,HIGH(@0)
                 	CPC  R31,R26
                 	LDI  R26,BYTE3(@0)
                 	CPC  R22,R26
                 	LDI  R26,BYTE4(@0)
                 	CPC  R23,R26
                 	.ENDM
                 
                 	.MACRO __CPD2N
                 	CPI  R26,LOW(@0)
                 	LDI  R30,HIGH(@0)
                 	CPC  R27,R30
                 	LDI  R30,BYTE3(@0)
                 	CPC  R24,R30
                 	LDI  R30,BYTE4(@0)
                 	CPC  R25,R30
                 	.ENDM
                 
                 	.MACRO __CPWRR
                 	CP   R@0,R@2
                 	CPC  R@1,R@3
                 	.ENDM
                 
                 	.MACRO __CPWRN
                 	CPI  R@0,LOW(@2)
                 	LDI  R30,HIGH(@2)
                 	CPC  R@1,R30
                 	.ENDM
                 
                 	.MACRO __ADDB1MN
                 	SUBI R30,LOW(-@0-(@1))
                 	.ENDM
                 
                 	.MACRO __ADDB2MN
                 	SUBI R26,LOW(-@0-(@1))
                 	.ENDM
                 
                 	.MACRO __ADDW1MN
                 	SUBI R30,LOW(-@0-(@1))
                 	SBCI R31,HIGH(-@0-(@1))
                 	.ENDM
                 
                 	.MACRO __ADDW2MN
                 	SUBI R26,LOW(-@0-(@1))
                 	SBCI R27,HIGH(-@0-(@1))
                 	.ENDM
                 
                 	.MACRO __ADDW1FN
                 	SUBI R30,LOW(-2*@0-(@1))
                 	SBCI R31,HIGH(-2*@0-(@1))
                 	.ENDM
                 
                 	.MACRO __ADDD1FN
                 	SUBI R30,LOW(-2*@0-(@1))
                 	SBCI R31,HIGH(-2*@0-(@1))
                 	SBCI R22,BYTE3(-2*@0-(@1))
                 	.ENDM
                 
                 	.MACRO __ADDD1N
                 	SUBI R30,LOW(-@0)
                 	SBCI R31,HIGH(-@0)
                 	SBCI R22,BYTE3(-@0)
                 	SBCI R23,BYTE4(-@0)
                 	.ENDM
                 
                 	.MACRO __ADDD2N
                 	SUBI R26,LOW(-@0)
                 	SBCI R27,HIGH(-@0)
                 	SBCI R24,BYTE3(-@0)
                 	SBCI R25,BYTE4(-@0)
                 	.ENDM
                 
                 	.MACRO __SUBD1N
                 	SUBI R30,LOW(@0)
                 	SBCI R31,HIGH(@0)
                 	SBCI R22,BYTE3(@0)
                 	SBCI R23,BYTE4(@0)
                 	.ENDM
                 
                 	.MACRO __SUBD2N
                 	SUBI R26,LOW(@0)
                 	SBCI R27,HIGH(@0)
                 	SBCI R24,BYTE3(@0)
                 	SBCI R25,BYTE4(@0)
                 	.ENDM
                 
                 	.MACRO __ANDBMNN
                 	LDS  R30,@0+(@1)
                 	ANDI R30,LOW(@2)
                 	STS  @0+(@1),R30
                 	.ENDM
                 
                 	.MACRO __ANDWMNN
                 	LDS  R30,@0+(@1)
                 	ANDI R30,LOW(@2)
                 	STS  @0+(@1),R30
                 	LDS  R30,@0+(@1)+1
                 	ANDI R30,HIGH(@2)
                 	STS  @0+(@1)+1,R30
                 	.ENDM
                 
                 	.MACRO __ANDD1N
                 	ANDI R30,LOW(@0)
                 	ANDI R31,HIGH(@0)
                 	ANDI R22,BYTE3(@0)
                 	ANDI R23,BYTE4(@0)
                 	.ENDM
                 
                 	.MACRO __ANDD2N
                 	ANDI R26,LOW(@0)
                 	ANDI R27,HIGH(@0)
                 	ANDI R24,BYTE3(@0)
                 	ANDI R25,BYTE4(@0)
                 	.ENDM
                 
                 	.MACRO __ORBMNN
                 	LDS  R30,@0+(@1)
                 	ORI  R30,LOW(@2)
                 	STS  @0+(@1),R30
                 	.ENDM
                 
                 	.MACRO __ORWMNN
                 	LDS  R30,@0+(@1)
                 	ORI  R30,LOW(@2)
                 	STS  @0+(@1),R30
                 	LDS  R30,@0+(@1)+1
                 	ORI  R30,HIGH(@2)
                 	STS  @0+(@1)+1,R30
                 	.ENDM
                 
                 	.MACRO __ORD1N
                 	ORI  R30,LOW(@0)
                 	ORI  R31,HIGH(@0)
                 	ORI  R22,BYTE3(@0)
                 	ORI  R23,BYTE4(@0)
                 	.ENDM
                 
                 	.MACRO __ORD2N
                 	ORI  R26,LOW(@0)
                 	ORI  R27,HIGH(@0)
                 	ORI  R24,BYTE3(@0)
                 	ORI  R25,BYTE4(@0)
                 	.ENDM
                 
                 	.MACRO __DELAY_USB
                 	LDI  R24,LOW(@0)
                 __DELAY_USB_LOOP:
                 	DEC  R24
                 	BRNE __DELAY_USB_LOOP
                 	.ENDM
                 
                 	.MACRO __DELAY_USW
                 	LDI  R24,LOW(@0)
                 	LDI  R25,HIGH(@0)
                 __DELAY_USW_LOOP:
                 	SBIW R24,1
                 	BRNE __DELAY_USW_LOOP
                 	.ENDM
                 
                 	.MACRO __GETD1S
                 	LDD  R30,Y+@0
                 	LDD  R31,Y+@0+1
                 	LDD  R22,Y+@0+2
                 	LDD  R23,Y+@0+3
                 	.ENDM
                 
                 	.MACRO __GETD2S
                 	LDD  R26,Y+@0
                 	LDD  R27,Y+@0+1
                 	LDD  R24,Y+@0+2
                 	LDD  R25,Y+@0+3
                 	.ENDM
                 
                 	.MACRO __PUTD1S
                 	STD  Y+@0,R30
                 	STD  Y+@0+1,R31
                 	STD  Y+@0+2,R22
                 	STD  Y+@0+3,R23
                 	.ENDM
                 
                 	.MACRO __PUTD2S
                 	STD  Y+@0,R26
                 	STD  Y+@0+1,R27
                 	STD  Y+@0+2,R24
                 	STD  Y+@0+3,R25
                 	.ENDM
                 
                 	.MACRO __PUTDZ2
                 	STD  Z+@0,R26
                 	STD  Z+@0+1,R27
                 	STD  Z+@0+2,R24
                 	STD  Z+@0+3,R25
                 	.ENDM
                 
                 	.MACRO __CLRD1S
                 	STD  Y+@0,R30
                 	STD  Y+@0+1,R30
                 	STD  Y+@0+2,R30
                 	STD  Y+@0+3,R30
                 	.ENDM
                 
                 	.MACRO __POINTB1MN
                 	LDI  R30,LOW(@0+(@1))
                 	.ENDM
                 
                 	.MACRO __POINTW1MN
                 	LDI  R30,LOW(@0+(@1))
                 	LDI  R31,HIGH(@0+(@1))
                 	.ENDM
                 
                 	.MACRO __POINTD1M
                 	LDI  R30,LOW(@0)
                 	LDI  R31,HIGH(@0)
                 	LDI  R22,BYTE3(@0)
                 	LDI  R23,BYTE4(@0)
                 	.ENDM
                 
                 	.MACRO __POINTW1FN
                 	LDI  R30,LOW(2*@0+(@1))
                 	LDI  R31,HIGH(2*@0+(@1))
                 	.ENDM
                 
                 	.MACRO __POINTD1FN
                 	LDI  R30,LOW(2*@0+(@1))
                 	LDI  R31,HIGH(2*@0+(@1))
                 	LDI  R22,BYTE3(2*@0+(@1))
                 	LDI  R23,BYTE4(2*@0+(@1))
                 	.ENDM
                 
                 	.MACRO __POINTB2MN
                 	LDI  R26,LOW(@0+(@1))
                 	.ENDM
                 
                 	.MACRO __POINTW2MN
                 	LDI  R26,LOW(@0+(@1))
                 	LDI  R27,HIGH(@0+(@1))
                 	.ENDM
                 
                 	.MACRO __POINTBRM
                 	LDI  R@0,LOW(@1)
                 	.ENDM
                 
                 	.MACRO __POINTWRM
                 	LDI  R@0,LOW(@2)
                 	LDI  R@1,HIGH(@2)
                 	.ENDM
                 
                 	.MACRO __POINTBRMN
                 	LDI  R@0,LOW(@1+(@2))
                 	.ENDM
                 
                 	.MACRO __POINTWRMN
                 	LDI  R@0,LOW(@2+(@3))
                 	LDI  R@1,HIGH(@2+(@3))
                 	.ENDM
                 
                 	.MACRO __POINTWRFN
                 	LDI  R@0,LOW(@2*2+(@3))
                 	LDI  R@1,HIGH(@2*2+(@3))
                 	.ENDM
                 
                 	.MACRO __GETD1N
                 	LDI  R30,LOW(@0)
                 	LDI  R31,HIGH(@0)
                 	LDI  R22,BYTE3(@0)
                 	LDI  R23,BYTE4(@0)
                 	.ENDM
                 
                 	.MACRO __GETD2N
                 	LDI  R26,LOW(@0)
                 	LDI  R27,HIGH(@0)
                 	LDI  R24,BYTE3(@0)
                 	LDI  R25,BYTE4(@0)
                 	.ENDM
                 
                 	.MACRO __GETB1MN
                 	LDS  R30,@0+(@1)
                 	.ENDM
                 
                 	.MACRO __GETB1HMN
                 	LDS  R31,@0+(@1)
                 	.ENDM
                 
                 	.MACRO __GETW1MN
                 	LDS  R30,@0+(@1)
                 	LDS  R31,@0+(@1)+1
                 	.ENDM
                 
                 	.MACRO __GETD1MN
                 	LDS  R30,@0+(@1)
                 	LDS  R31,@0+(@1)+1
                 	LDS  R22,@0+(@1)+2
                 	LDS  R23,@0+(@1)+3
                 	.ENDM
                 
                 	.MACRO __GETBRMN
                 	LDS  R@0,@1+(@2)
                 	.ENDM
                 
                 	.MACRO __GETWRMN
                 	LDS  R@0,@2+(@3)
                 	LDS  R@1,@2+(@3)+1
                 	.ENDM
                 
                 	.MACRO __GETWRZ
                 	LDD  R@0,Z+@2
                 	LDD  R@1,Z+@2+1
                 	.ENDM
                 
                 	.MACRO __GETD2Z
                 	LDD  R26,Z+@0
                 	LDD  R27,Z+@0+1
                 	LDD  R24,Z+@0+2
                 	LDD  R25,Z+@0+3
                 	.ENDM
                 
                 	.MACRO __GETB2MN
                 	LDS  R26,@0+(@1)
                 	.ENDM
                 
                 	.MACRO __GETW2MN
                 	LDS  R26,@0+(@1)
                 	LDS  R27,@0+(@1)+1
                 	.ENDM
                 
                 	.MACRO __GETD2MN
                 	LDS  R26,@0+(@1)
                 	LDS  R27,@0+(@1)+1
                 	LDS  R24,@0+(@1)+2
                 	LDS  R25,@0+(@1)+3
                 	.ENDM
                 
                 	.MACRO __PUTB1MN
                 	STS  @0+(@1),R30
                 	.ENDM
                 
                 	.MACRO __PUTW1MN
                 	STS  @0+(@1),R30
                 	STS  @0+(@1)+1,R31
                 	.ENDM
                 
                 	.MACRO __PUTD1MN
                 	STS  @0+(@1),R30
                 	STS  @0+(@1)+1,R31
                 	STS  @0+(@1)+2,R22
                 	STS  @0+(@1)+3,R23
                 	.ENDM
                 
                 	.MACRO __PUTB1EN
                 	LDI  R26,LOW(@0+(@1))
                 	LDI  R27,HIGH(@0+(@1))
                 	CALL __EEPROMWRB
                 	.ENDM
                 
                 	.MACRO __PUTW1EN
                 	LDI  R26,LOW(@0+(@1))
                 	LDI  R27,HIGH(@0+(@1))
                 	CALL __EEPROMWRW
                 	.ENDM
                 
                 	.MACRO __PUTD1EN
                 	LDI  R26,LOW(@0+(@1))
                 	LDI  R27,HIGH(@0+(@1))
                 	CALL __EEPROMWRD
                 	.ENDM
                 
                 	.MACRO __PUTBR0MN
                 	STS  @0+(@1),R0
                 	.ENDM
                 
                 	.MACRO __PUTBMRN
                 	STS  @0+(@1),R@2
                 	.ENDM
                 
                 	.MACRO __PUTWMRN
                 	STS  @0+(@1),R@2
                 	STS  @0+(@1)+1,R@3
                 	.ENDM
                 
                 	.MACRO __PUTBZR
                 	STD  Z+@1,R@0
                 	.ENDM
                 
                 	.MACRO __PUTWZR
                 	STD  Z+@2,R@0
                 	STD  Z+@2+1,R@1
                 	.ENDM
                 
                 	.MACRO __GETW1R
                 	MOV  R30,R@0
                 	MOV  R31,R@1
                 	.ENDM
                 
                 	.MACRO __GETW2R
                 	MOV  R26,R@0
                 	MOV  R27,R@1
                 	.ENDM
                 
                 	.MACRO __GETWRN
                 	LDI  R@0,LOW(@2)
                 	LDI  R@1,HIGH(@2)
                 	.ENDM
                 
                 	.MACRO __PUTW1R
                 	MOV  R@0,R30
                 	MOV  R@1,R31
                 	.ENDM
                 
                 	.MACRO __PUTW2R
                 	MOV  R@0,R26
                 	MOV  R@1,R27
                 	.ENDM
                 
                 	.MACRO __ADDWRN
                 	SUBI R@0,LOW(-@2)
                 	SBCI R@1,HIGH(-@2)
                 	.ENDM
                 
                 	.MACRO __ADDWRR
                 	ADD  R@0,R@2
                 	ADC  R@1,R@3
                 	.ENDM
                 
                 	.MACRO __SUBWRN
                 	SUBI R@0,LOW(@2)
                 	SBCI R@1,HIGH(@2)
                 	.ENDM
                 
                 	.MACRO __SUBWRR
                 	SUB  R@0,R@2
                 	SBC  R@1,R@3
                 	.ENDM
                 
                 	.MACRO __ANDWRN
                 	ANDI R@0,LOW(@2)
                 	ANDI R@1,HIGH(@2)
                 	.ENDM
                 
                 	.MACRO __ANDWRR
                 	AND  R@0,R@2
                 	AND  R@1,R@3
                 	.ENDM
                 
                 	.MACRO __ORWRN
                 	ORI  R@0,LOW(@2)
                 	ORI  R@1,HIGH(@2)
                 	.ENDM
                 
                 	.MACRO __ORWRR
                 	OR   R@0,R@2
                 	OR   R@1,R@3
                 	.ENDM
                 
                 	.MACRO __EORWRR
                 	EOR  R@0,R@2
                 	EOR  R@1,R@3
                 	.ENDM
                 
                 	.MACRO __GETWRS
                 	LDD  R@0,Y+@2
                 	LDD  R@1,Y+@2+1
                 	.ENDM
                 
                 	.MACRO __PUTBSR
                 	STD  Y+@1,R@0
                 	.ENDM
                 
                 	.MACRO __PUTWSR
                 	STD  Y+@2,R@0
                 	STD  Y+@2+1,R@1
                 	.ENDM
                 
                 	.MACRO __MOVEWRR
                 	MOV  R@0,R@2
                 	MOV  R@1,R@3
                 	.ENDM
                 
                 	.MACRO __INWR
                 	IN   R@0,@2
                 	IN   R@1,@2+1
                 	.ENDM
                 
                 	.MACRO __OUTWR
                 	OUT  @2+1,R@1
                 	OUT  @2,R@0
                 	.ENDM
                 
                 	.MACRO __CALL1MN
                 	LDS  R30,@0+(@1)
                 	LDS  R31,@0+(@1)+1
                 	ICALL
                 	.ENDM
                 
                 	.MACRO __CALL1FN
                 	LDI  R30,LOW(2*@0+(@1))
                 	LDI  R31,HIGH(2*@0+(@1))
                 	CALL __GETW1PF
                 	ICALL
                 	.ENDM
                 
                 	.MACRO __CALL2EN
                 	LDI  R26,LOW(@0+(@1))
                 	LDI  R27,HIGH(@0+(@1))
                 	CALL __EEPROMRDW
                 	ICALL
                 	.ENDM
                 
                 	.MACRO __GETW1STACK
                 	IN   R26,SPL
                 	IN   R27,SPH
                 	ADIW R26,@0+1
                 	LD   R30,X+
                 	LD   R31,X
                 	.ENDM
                 
                 	.MACRO __GETD1STACK
                 	IN   R26,SPL
                 	IN   R27,SPH
                 	ADIW R26,@0+1
                 	LD   R30,X+
                 	LD   R31,X+
                 	LD   R22,X
                 	.ENDM
                 
                 	.MACRO __NBST
                 	BST  R@0,@1
                 	IN   R30,SREG
                 	LDI  R31,0x40
                 	EOR  R30,R31
                 	OUT  SREG,R30
                 	.ENDM
                 
                 
                 	.MACRO __PUTB1SN
                 	LDD  R26,Y+@0
                 	LDD  R27,Y+@0+1
                 	SUBI R26,LOW(-@1)
                 	SBCI R27,HIGH(-@1)
                 	ST   X,R30
                 	.ENDM
                 
                 	.MACRO __PUTW1SN
                 	LDD  R26,Y+@0
                 	LDD  R27,Y+@0+1
                 	SUBI R26,LOW(-@1)
                 	SBCI R27,HIGH(-@1)
                 	ST   X+,R30
                 	ST   X,R31
                 	.ENDM
                 
                 	.MACRO __PUTD1SN
                 	LDD  R26,Y+@0
                 	LDD  R27,Y+@0+1
                 	SUBI R26,LOW(-@1)
                 	SBCI R27,HIGH(-@1)
                 	CALL __PUTDP1
                 	.ENDM
                 
                 	.MACRO __PUTB1SNS
                 	LDD  R26,Y+@0
                 	LDD  R27,Y+@0+1
                 	ADIW R26,@1
                 	ST   X,R30
                 	.ENDM
                 
                 	.MACRO __PUTW1SNS
                 	LDD  R26,Y+@0
                 	LDD  R27,Y+@0+1
                 	ADIW R26,@1
                 	ST   X+,R30
                 	ST   X,R31
                 	.ENDM
                 
                 	.MACRO __PUTD1SNS
                 	LDD  R26,Y+@0
                 	LDD  R27,Y+@0+1
                 	ADIW R26,@1
                 	CALL __PUTDP1
                 	.ENDM
                 
                 	.MACRO __PUTB1PMN
                 	LDS  R26,@0
                 	LDS  R27,@0+1
                 	SUBI R26,LOW(-@1)
                 	SBCI R27,HIGH(-@1)
                 	ST   X,R30
                 	.ENDM
                 
                 	.MACRO __PUTW1PMN
                 	LDS  R26,@0
                 	LDS  R27,@0+1
                 	SUBI R26,LOW(-@1)
                 	SBCI R27,HIGH(-@1)
                 	ST   X+,R30
                 	ST   X,R31
                 	.ENDM
                 
                 	.MACRO __PUTD1PMN
                 	LDS  R26,@0
                 	LDS  R27,@0+1
                 	SUBI R26,LOW(-@1)
                 	SBCI R27,HIGH(-@1)
                 	CALL __PUTDP1
                 	.ENDM
                 
                 	.MACRO __PUTB1PMNS
                 	LDS  R26,@0
                 	LDS  R27,@0+1
                 	ADIW R26,@1
                 	ST   X,R30
                 	.ENDM
                 
                 	.MACRO __PUTW1PMNS
                 	LDS  R26,@0
                 	LDS  R27,@0+1
                 	ADIW R26,@1
                 	ST   X+,R30
                 	ST   X,R31
                 	.ENDM
                 
                 	.MACRO __PUTD1PMNS
                 	LDS  R26,@0
                 	LDS  R27,@0+1
                 	ADIW R26,@1
                 	CALL __PUTDP1
                 	.ENDM
                 
                 	.MACRO __PUTB1RN
                 	MOVW R26,R@0
                 	SUBI R26,LOW(-@1)
                 	SBCI R27,HIGH(-@1)
                 	ST   X,R30
                 	.ENDM
                 
                 	.MACRO __PUTW1RN
                 	MOVW R26,R@0
                 	SUBI R26,LOW(-@1)
                 	SBCI R27,HIGH(-@1)
                 	ST   X+,R30
                 	ST   X,R31
                 	.ENDM
                 
                 	.MACRO __PUTD1RN
                 	MOVW R26,R@0
                 	SUBI R26,LOW(-@1)
                 	SBCI R27,HIGH(-@1)
                 	CALL __PUTDP1
                 	.ENDM
                 
                 	.MACRO __PUTB1RNS
                 	MOVW R26,R@0
                 	ADIW R26,@1
                 	ST   X,R30
                 	.ENDM
                 
                 	.MACRO __PUTW1RNS
                 	MOVW R26,R@0
                 	ADIW R26,@1
                 	ST   X+,R30
                 	ST   X,R31
                 	.ENDM
                 
                 	.MACRO __PUTD1RNS
                 	MOVW R26,R@0
                 	ADIW R26,@1
                 	CALL __PUTDP1
                 	.ENDM
                 
                 	.MACRO __PUTB1RON
                 	MOV  R26,R@0
                 	MOV  R27,R@1
                 	SUBI R26,LOW(-@2)
                 	SBCI R27,HIGH(-@2)
                 	ST   X,R30
                 	.ENDM
                 
                 	.MACRO __PUTW1RON
                 	MOV  R26,R@0
                 	MOV  R27,R@1
                 	SUBI R26,LOW(-@2)
                 	SBCI R27,HIGH(-@2)
                 	ST   X+,R30
                 	ST   X,R31
                 	.ENDM
                 
                 	.MACRO __PUTD1RON
                 	MOV  R26,R@0
                 	MOV  R27,R@1
                 	SUBI R26,LOW(-@2)
                 	SBCI R27,HIGH(-@2)
                 	CALL __PUTDP1
                 	.ENDM
                 
                 	.MACRO __PUTB1RONS
                 	MOV  R26,R@0
                 	MOV  R27,R@1
                 	ADIW R26,@2
                 	ST   X,R30
                 	.ENDM
                 
                 	.MACRO __PUTW1RONS
                 	MOV  R26,R@0
                 	MOV  R27,R@1
                 	ADIW R26,@2
                 	ST   X+,R30
                 	ST   X,R31
                 	.ENDM
                 
                 	.MACRO __PUTD1RONS
                 	MOV  R26,R@0
                 	MOV  R27,R@1
                 	ADIW R26,@2
                 	CALL __PUTDP1
                 	.ENDM
                 
                 
                 	.MACRO __GETB1SX
                 	MOVW R30,R28
                 	SUBI R30,LOW(-@0)
                 	SBCI R31,HIGH(-@0)
                 	LD   R30,Z
                 	.ENDM
                 
                 	.MACRO __GETB1HSX
                 	MOVW R30,R28
                 	SUBI R30,LOW(-@0)
                 	SBCI R31,HIGH(-@0)
                 	LD   R31,Z
                 	.ENDM
                 
                 	.MACRO __GETW1SX
                 	MOVW R30,R28
                 	SUBI R30,LOW(-@0)
                 	SBCI R31,HIGH(-@0)
                 	LD   R0,Z+
                 	LD   R31,Z
                 	MOV  R30,R0
                 	.ENDM
                 
                 	.MACRO __GETD1SX
                 	MOVW R30,R28
                 	SUBI R30,LOW(-@0)
                 	SBCI R31,HIGH(-@0)
                 	LD   R0,Z+
                 	LD   R1,Z+
                 	LD   R22,Z+
                 	LD   R23,Z
                 	MOVW R30,R0
                 	.ENDM
                 
                 	.MACRO __GETB2SX
                 	MOVW R26,R28
                 	SUBI R26,LOW(-@0)
                 	SBCI R27,HIGH(-@0)
                 	LD   R26,X
                 	.ENDM
                 
                 	.MACRO __GETW2SX
                 	MOVW R26,R28
                 	SUBI R26,LOW(-@0)
                 	SBCI R27,HIGH(-@0)
                 	LD   R0,X+
                 	LD   R27,X
                 	MOV  R26,R0
                 	.ENDM
                 
                 	.MACRO __GETD2SX
                 	MOVW R26,R28
                 	SUBI R26,LOW(-@0)
                 	SBCI R27,HIGH(-@0)
                 	LD   R0,X+
                 	LD   R1,X+
                 	LD   R24,X+
                 	LD   R25,X
                 	MOVW R26,R0
                 	.ENDM
                 
                 	.MACRO __GETBRSX
                 	MOVW R30,R28
                 	SUBI R30,LOW(-@1)
                 	SBCI R31,HIGH(-@1)
                 	LD   R@0,Z
                 	.ENDM
                 
                 	.MACRO __GETWRSX
                 	MOVW R30,R28
                 	SUBI R30,LOW(-@2)
                 	SBCI R31,HIGH(-@2)
                 	LD   R@0,Z+
                 	LD   R@1,Z
                 	.ENDM
                 
                 	.MACRO __GETBRSX2
                 	MOVW R26,R28
                 	SUBI R26,LOW(-@1)
                 	SBCI R27,HIGH(-@1)
                 	LD   R@0,X
                 	.ENDM
                 
                 	.MACRO __GETWRSX2
                 	MOVW R26,R28
                 	SUBI R26,LOW(-@2)
                 	SBCI R27,HIGH(-@2)
                 	LD   R@0,X+
                 	LD   R@1,X
                 	.ENDM
                 
                 	.MACRO __LSLW8SX
                 	MOVW R30,R28
                 	SUBI R30,LOW(-@0)
                 	SBCI R31,HIGH(-@0)
                 	LD   R31,Z
                 	CLR  R30
                 	.ENDM
                 
                 	.MACRO __PUTB1SX
                 	MOVW R26,R28
                 	SUBI R26,LOW(-@0)
                 	SBCI R27,HIGH(-@0)
                 	ST   X,R30
                 	.ENDM
                 
                 	.MACRO __PUTW1SX
                 	MOVW R26,R28
                 	SUBI R26,LOW(-@0)
                 	SBCI R27,HIGH(-@0)
                 	ST   X+,R30
                 	ST   X,R31
                 	.ENDM
                 
                 	.MACRO __PUTD1SX
                 	MOVW R26,R28
                 	SUBI R26,LOW(-@0)
                 	SBCI R27,HIGH(-@0)
                 	ST   X+,R30
                 	ST   X+,R31
                 	ST   X+,R22
                 	ST   X,R23
                 	.ENDM
                 
                 	.MACRO __CLRW1SX
                 	MOVW R26,R28
                 	SUBI R26,LOW(-@0)
                 	SBCI R27,HIGH(-@0)
                 	ST   X+,R30
                 	ST   X,R30
                 	.ENDM
                 
                 	.MACRO __CLRD1SX
                 	MOVW R26,R28
                 	SUBI R26,LOW(-@0)
                 	SBCI R27,HIGH(-@0)
                 	ST   X+,R30
                 	ST   X+,R30
                 	ST   X+,R30
                 	ST   X,R30
                 	.ENDM
                 
                 	.MACRO __PUTB2SX
                 	MOVW R30,R28
                 	SUBI R30,LOW(-@0)
                 	SBCI R31,HIGH(-@0)
                 	ST   Z,R26
                 	.ENDM
                 
                 	.MACRO __PUTW2SX
                 	MOVW R30,R28
                 	SUBI R30,LOW(-@0)
                 	SBCI R31,HIGH(-@0)
                 	ST   Z+,R26
                 	ST   Z,R27
                 	.ENDM
                 
                 	.MACRO __PUTD2SX
                 	MOVW R30,R28
                 	SUBI R30,LOW(-@0)
                 	SBCI R31,HIGH(-@0)
                 	ST   Z+,R26
                 	ST   Z+,R27
                 	ST   Z+,R24
                 	ST   Z,R25
                 	.ENDM
                 
                 	.MACRO __PUTBSRX
                 	MOVW R30,R28
                 	SUBI R30,LOW(-@1)
                 	SBCI R31,HIGH(-@1)
                 	ST   Z,R@0
                 	.ENDM
                 
                 	.MACRO __PUTWSRX
                 	MOVW R30,R28
                 	SUBI R30,LOW(-@2)
                 	SBCI R31,HIGH(-@2)
                 	ST   Z+,R@0
                 	ST   Z,R@1
                 	.ENDM
                 
                 	.MACRO __PUTB1SNX
                 	MOVW R26,R28
                 	SUBI R26,LOW(-@0)
                 	SBCI R27,HIGH(-@0)
                 	LD   R0,X+
                 	LD   R27,X
                 	MOV  R26,R0
                 	SUBI R26,LOW(-@1)
                 	SBCI R27,HIGH(-@1)
                 	ST   X,R30
                 	.ENDM
                 
                 	.MACRO __PUTW1SNX
                 	MOVW R26,R28
                 	SUBI R26,LOW(-@0)
                 	SBCI R27,HIGH(-@0)
                 	LD   R0,X+
                 	LD   R27,X
                 	MOV  R26,R0
                 	SUBI R26,LOW(-@1)
                 	SBCI R27,HIGH(-@1)
                 	ST   X+,R30
                 	ST   X,R31
                 	.ENDM
                 
                 	.MACRO __PUTD1SNX
                 	MOVW R26,R28
                 	SUBI R26,LOW(-@0)
                 	SBCI R27,HIGH(-@0)
                 	LD   R0,X+
                 	LD   R27,X
                 	MOV  R26,R0
                 	SUBI R26,LOW(-@1)
                 	SBCI R27,HIGH(-@1)
                 	ST   X+,R30
                 	ST   X+,R31
                 	ST   X+,R22
                 	ST   X,R23
                 	.ENDM
                 
                 	.MACRO __MULBRR
                 	MULS R@0,R@1
                 	MOVW R30,R0
                 	.ENDM
                 
                 	.MACRO __MULBRRU
                 	MUL  R@0,R@1
                 	MOVW R30,R0
                 	.ENDM
                 
                 	.MACRO __MULBRR0
                 	MULS R@0,R@1
                 	.ENDM
                 
                 	.MACRO __MULBRRU0
                 	MUL  R@0,R@1
                 	.ENDM
                 
                 	.MACRO __MULBNWRU
                 	LDI  R26,@2
                 	MUL  R26,R@0
                 	MOVW R30,R0
                 	MUL  R26,R@1
                 	ADD  R31,R0
                 	.ENDM
                 
                 ;NAME DEFINITIONS FOR GLOBAL VARIABLES ALLOCATED TO REGISTERS
                 	.DEF _index=R4
                 	.DEF _thoigian0=R6
                 	.DEF _thoigian1=R8
                 
                 	.CSEG
                 	.ORG 0x00
                 
                 ;START OF CODE MARKER
                 __START_OF_CODE:
                 
                 ;INTERRUPT VECTORS
000000 940c 0079 	JMP  __RESET
000002 940c 01b4 	JMP  _ext_int0_isr
000004 940c 0000 	JMP  0x00
000006 940c 0000 	JMP  0x00
000008 940c 0000 	JMP  0x00
00000a 940c 0000 	JMP  0x00
00000c 940c 0000 	JMP  0x00
00000e 940c 0000 	JMP  0x00
000010 940c 01ac 	JMP  _timer1_ovf_isr
000012 940c 0000 	JMP  0x00
000014 940c 0000 	JMP  0x00
000016 940c 00d5 	JMP  _usart_rx_isr
000018 940c 0000 	JMP  0x00
00001a 940c 0000 	JMP  0x00
00001c 940c 0000 	JMP  0x00
00001e 940c 0000 	JMP  0x00
000020 940c 0000 	JMP  0x00
000022 940c 0000 	JMP  0x00
000024 940c 0000 	JMP  0x00
000026 940c 0000 	JMP  0x00
000028 940c 0000 	JMP  0x00
                 
                 _tbl10_G100:
00002a 2710
00002b 03e8
00002c 0064
00002d 000a      	.DB  0x10,0x27,0xE8,0x3,0x64,0x0,0xA,0x0
00002e 0001      	.DB  0x1,0x0
                 _tbl16_G100:
00002f 1000
000030 0100
000031 0010
000032 0001      	.DB  0x0,0x10,0x0,0x1,0x10,0x0,0x1,0x0
                 
                 _0x5D:
000033 0000
000034 00f0
000035 00bd      	.DB  0x0,0x0,0xF0,0x0,0xBD,0x0
                 _0x0:
000036 4f46
000037 4442
000038 4500
000039 3731      	.DB  0x46,0x4F,0x42,0x44,0x0,0x45,0x31,0x37
00003a 0042
00003b 3244
00003c 3933
00003d 4300      	.DB  0x42,0x0,0x44,0x32,0x33,0x39,0x0,0x43
00003e 4632
00003f 0036
000040 3342
000041 3442      	.DB  0x32,0x46,0x36,0x0,0x42,0x33,0x42,0x34
000042 4100
000043 3734
000044 0032
000045 3539      	.DB  0x0,0x41,0x34,0x37,0x32,0x0,0x39,0x35
000046 3033
000047 3800
000048 4535
000049 0044      	.DB  0x33,0x30,0x0,0x38,0x35,0x45,0x44,0x0
00004a 3637
00004b 4241
00004c 3600
00004d 3637      	.DB  0x37,0x36,0x41,0x42,0x0,0x36,0x37,0x36
00004e 0039
00004f 6f43
000050 6e75
000051 6574      	.DB  0x39,0x0,0x43,0x6F,0x75,0x6E,0x74,0x65
000052 3a72
000053 0020      	.DB  0x72,0x3A,0x20,0x0
                 
                 __GLOBAL_INI_TBL:
000054 0005      	.DW  0x05
000055 0160      	.DW  _0x4B
000056 006c      	.DW  _0x0*2
                 
000057 0005      	.DW  0x05
000058 0165      	.DW  _0x4B+5
000059 0071      	.DW  _0x0*2+5
                 
00005a 0005      	.DW  0x05
00005b 016a      	.DW  _0x4B+10
00005c 0076      	.DW  _0x0*2+10
                 
00005d 0005      	.DW  0x05
00005e 016f      	.DW  _0x4B+15
00005f 007b      	.DW  _0x0*2+15
                 
000060 0005      	.DW  0x05
000061 0174      	.DW  _0x4B+20
000062 0080      	.DW  _0x0*2+20
                 
000063 0005      	.DW  0x05
000064 0179      	.DW  _0x4B+25
000065 0085      	.DW  _0x0*2+25
                 
000066 0005      	.DW  0x05
000067 017e      	.DW  _0x4B+30
000068 008a      	.DW  _0x0*2+30
                 
000069 0005      	.DW  0x05
00006a 0183      	.DW  _0x4B+35
00006b 008f      	.DW  _0x0*2+35
                 
00006c 0005      	.DW  0x05
00006d 0188      	.DW  _0x4B+40
00006e 0094      	.DW  _0x0*2+40
                 
00006f 0005      	.DW  0x05
000070 018d      	.DW  _0x4B+45
000071 0099      	.DW  _0x0*2+45
                 
000072 000a      	.DW  0x0A
000073 0192      	.DW  _0x57
000074 009e      	.DW  _0x0*2+50
                 
000075 0006      	.DW  0x06
000076 0004      	.DW  0x04
000077 0066      	.DW  _0x5D*2
                 
                 _0xFFFFFFFF:
000078 0000      	.DW  0
                 
                 __RESET:
000079 94f8      	CLI
00007a 27ee      	CLR  R30
00007b bbec      	OUT  EECR,R30
                 
                 ;INTERRUPT VECTORS ARE PLACED
                 ;AT THE START OF FLASH
00007c e0f1      	LDI  R31,1
00007d bffb      	OUT  GICR,R31
00007e bfeb      	OUT  GICR,R30
00007f bfe5      	OUT  MCUCR,R30
                 
                 ;DISABLE WATCHDOG
000080 e1f8      	LDI  R31,0x18
000081 bdf1      	OUT  WDTCR,R31
000082 bde1      	OUT  WDTCR,R30
                 
                 ;CLEAR R2-R14
000083 e08d      	LDI  R24,(14-2)+1
000084 e0a2      	LDI  R26,2
000085 27bb      	CLR  R27
                 __CLEAR_REG:
000086 93ed      	ST   X+,R30
000087 958a      	DEC  R24
000088 f7e9      	BRNE __CLEAR_REG
                 
                 ;CLEAR SRAM
000089 e080      	LDI  R24,LOW(__CLEAR_SRAM_SIZE)
00008a e094      	LDI  R25,HIGH(__CLEAR_SRAM_SIZE)
00008b e6a0      	LDI  R26,__SRAM_START
                 __CLEAR_SRAM:
00008c 93ed      	ST   X+,R30
00008d 9701      	SBIW R24,1
00008e f7e9      	BRNE __CLEAR_SRAM
                 
                 ;GLOBAL VARIABLES INITIALIZATION
00008f eae8      	LDI  R30,LOW(__GLOBAL_INI_TBL*2)
000090 e0f0      	LDI  R31,HIGH(__GLOBAL_INI_TBL*2)
                 __GLOBAL_INI_NEXT:
000091 9185      	LPM  R24,Z+
000092 9195      	LPM  R25,Z+
000093 9700      	SBIW R24,0
000094 f061      	BREQ __GLOBAL_INI_END
000095 91a5      	LPM  R26,Z+
000096 91b5      	LPM  R27,Z+
000097 9005      	LPM  R0,Z+
000098 9015      	LPM  R1,Z+
000099 01bf      	MOVW R22,R30
00009a 01f0      	MOVW R30,R0
                 __GLOBAL_INI_LOOP:
00009b 9005      	LPM  R0,Z+
00009c 920d      	ST   X+,R0
00009d 9701      	SBIW R24,1
00009e f7e1      	BRNE __GLOBAL_INI_LOOP
00009f 01fb      	MOVW R30,R22
0000a0 cff0      	RJMP __GLOBAL_INI_NEXT
                 __GLOBAL_INI_END:
                 
                 ;HARDWARE STACK POINTER INITIALIZATION
0000a1 e5ef      	LDI  R30,LOW(__SRAM_END-__HEAP_SIZE)
0000a2 bfed      	OUT  SPL,R30
0000a3 e0e4      	LDI  R30,HIGH(__SRAM_END-__HEAP_SIZE)
0000a4 bfee      	OUT  SPH,R30
                 
                 ;DATA STACK POINTER INITIALIZATION
0000a5 e6c0      	LDI  R28,LOW(__SRAM_START+__DSTACK_SIZE)
0000a6 e0d1      	LDI  R29,HIGH(__SRAM_START+__DSTACK_SIZE)
                 
0000a7 940c 01f5 	JMP  _main
                 
                 	.ESEG
                 	.ORG 0
                 
                 	.DSEG
                 	.ORG 0x160
                 
                 	.CSEG
                 ;/*****************************************************
                 ;This program was produced by the
                 ;CodeWizardAVR V2.05.0 Professional
                 ;Automatic Program Generator
                 ;© Copyright 1998-2010 Pavel Haiduc, HP InfoTech s.r.l.
                 ;http://www.hpinfotech.com
                 ;
                 ;Project : Bai Thi Cuoi Ki
                 ;mssv    : N21DCVT040
                 ;Date    : 23/12/2023
                 ;Author  : Dang Thu Huyen
                 ;Company : ptit
                 ;Comments:
                 ;
                 ;
                 ;Chip type               : ATmega16
                 ;Program type            : Application
                 ;AVR Core Clock frequency: 8.000000 MHz
                 ;Memory model            : Small
                 ;External RAM size       : 0
                 ;Data Stack size         : 256
                 ;*****************************************************/
                 ;//khai bao thu vien
                 ;#include <mega16.h>
                 	#ifndef __SLEEP_DEFINED__
                 	#define __SLEEP_DEFINED__
                 	.EQU __se_bit=0x40
                 	.EQU __sm_mask=0xB0
                 	.EQU __sm_powerdown=0x20
                 	.EQU __sm_powersave=0x30
                 	.EQU __sm_standby=0xA0
                 	.EQU __sm_ext_standby=0xB0
                 	.EQU __sm_adc_noise_red=0x10
                 	.SET power_ctrl_reg=mcucr
                 	#endif
                 ;#include <stdio.h>
                 ;#include <string.h>
                 ;#include <delay.h>
                 ;#define LED PORTB
                 ;#define SW PIND.2
                 ;#define ADC_VREF_TYPE 0x00
                 ;// khai bao bien
                 ;unsigned long adc_out=0;
                 ;unsigned long dienap;
                 ;unsigned long chuc,dvi, a, b;
                 ;unsigned long nhietdo, k;
                 ;//khai bao timemer
                 ;#define RX_BUFFER_SIZE 8
                 ;char rx_buffer[RX_BUFFER_SIZE];
                 ;unsigned int index=0;
                 ;unsigned int thoigian0 = 240, thoigian1 = 189;
                 ;
                 ;//ham doc adc
                 ;unsigned int read_adc(unsigned char adc_input)
                 ; 0000 002C {
                 
                 	.CSEG
                 _read_adc:
                 ; 0000 002D ADMUX=adc_input | (ADC_VREF_TYPE & 0xff);
                 ;	adc_input -> Y+0
0000a9 81e8      	LD   R30,Y
0000aa b9e7      	OUT  0x7,R30
                 ; 0000 002E // Delay needed for the stabilization of the ADC input voltage
                 ; 0000 002F delay_us(10);
                +
0000ab e18b     +LDI R24 , LOW ( 27 )
                +__DELAY_USB_LOOP :
0000ac 958a     +DEC R24
0000ad f7f1     +BRNE __DELAY_USB_LOOP
                 	__DELAY_USB 27
                 ; 0000 0030 // Start the AD conversion
                 ; 0000 0031 ADCSRA|=0x40;
0000ae 9a36      	SBI  0x6,6
                 ; 0000 0032 // Wait for the AD conversion to complete
                 ; 0000 0033 while ((ADCSRA & 0x10)==0);
                 _0x3:
0000af 9b34      	SBIS 0x6,4
0000b0 cffe      	RJMP _0x3
                 ; 0000 0034 ADCSRA|=0x10;
0000b1 9a34      	SBI  0x6,4
                 ; 0000 0035 return ADCW;
0000b2 b1e4      	IN   R30,0x4
0000b3 b1f5      	IN   R31,0x4+1
0000b4 c004      	RJMP _0x2060001
                 ; 0000 0036 }
                 ;
                 ;
                 ;// chuong trinh con phat mot chuoi ki tu
                 ;void uart_char_send(unsigned char chr){
                 ; 0000 003A void uart_char_send(unsigned char chr){
                 _uart_char_send:
                 ; 0000 003B while(!(UCSRA&(1<<UDRE))) {};
                 ;	chr -> Y+0
                 _0x6:
0000b5 9b5d      	SBIS 0xB,5
0000b6 cffe      	RJMP _0x6
                 ; 0000 003C //ktra khi nao udre bang 1 de thanh ghi trong de bo du lieu vao
                 ; 0000 003D    UDR=chr;  //khi udre =1 cho phep du lieu vào
0000b7 81e8      	LD   R30,Y
0000b8 b9ec      	OUT  0xC,R30
                 ; 0000 003E    }
                 _0x2060001:
0000b9 9621      	ADIW R28,1
0000ba 9508      	RET
                 ;//cho nhieu ki tu
                 ;void uart_string_send(unsigned char *txt){
                 ; 0000 0040 void uart_string_send(unsigned char *txt){
                 _uart_string_send:
                 ; 0000 0041    unsigned char n,i;
                 ; 0000 0042    n=strlen(txt);
0000bb 931a      	ST   -Y,R17
0000bc 930a      	ST   -Y,R16
                 ;	*txt -> Y+2
                 ;	n -> R17
                 ;	i -> R16
0000bd 81ea      	LDD  R30,Y+2
0000be 81fb      	LDD  R31,Y+2+1
0000bf 93fa      	ST   -Y,R31
0000c0 93ea      	ST   -Y,R30
0000c1 940e 02b0 	CALL _strlen
0000c3 2f1e      	MOV  R17,R30
                 ; 0000 0043    //dem có bn ki tu n so luong
                 ; 0000 0044    for(i=0;i<n;i++){
0000c4 e000      	LDI  R16,LOW(0)
                 _0xA:
0000c5 1701      	CP   R16,R17
0000c6 f450      	BRSH _0xB
                 ; 0000 0045    uart_char_send(txt[i]);}
0000c7 81aa      	LDD  R26,Y+2
0000c8 81bb      	LDD  R27,Y+2+1
0000c9 27ee      	CLR  R30
0000ca 0fa0      	ADD  R26,R16
0000cb 1fbe      	ADC  R27,R30
0000cc 91ec      	LD   R30,X
0000cd 93ea      	ST   -Y,R30
0000ce dfe6      	RCALL _uart_char_send
0000cf 5f0f      	SUBI R16,-1
0000d0 cff4      	RJMP _0xA
                 _0xB:
                 ; 0000 0046 }
0000d1 8119      	LDD  R17,Y+1
0000d2 8108      	LDD  R16,Y+0
0000d3 9624      	ADIW R28,4
0000d4 9508      	RET
                 ;
                 ;//ngat uart
                 ;interrupt[USART_RXC] void usart_rx_isr(void) {
                 ; 0000 0049 interrupt[12] void usart_rx_isr(void) {
                 _usart_rx_isr:
0000d5 940e 02ba 	CALL SUBOPT_0x0
                 ; 0000 004A     char data;
                 ; 0000 004B     data = UDR;
0000d7 931a      	ST   -Y,R17
                 ;	data -> R17
0000d8 b11c      	IN   R17,12
                 ; 0000 004C     // bat den
                 ; 0000 004D     if (data == 'l') {
0000d9 361c      	CPI  R17,108
0000da f409      	BRNE _0xC
                 ; 0000 004E         PORTB.0 = 1;
0000db 9ac0      	SBI  0x18,0
                 ; 0000 004F     }
                 ; 0000 0050     if (data == 'm') {
                 _0xC:
0000dc 361d      	CPI  R17,109
0000dd f409      	BRNE _0xF
                 ; 0000 0051         PORTB.1 = 1;
0000de 9ac1      	SBI  0x18,1
                 ; 0000 0052     }
                 ; 0000 0053     if (data == 'n') {
                 _0xF:
0000df 361e      	CPI  R17,110
0000e0 f409      	BRNE _0x12
                 ; 0000 0054         PORTB.2 = 1;
0000e1 9ac2      	SBI  0x18,2
                 ; 0000 0055     }
                 ; 0000 0056     if (data == 'o') {
                 _0x12:
0000e2 361f      	CPI  R17,111
0000e3 f409      	BRNE _0x15
                 ; 0000 0057         PORTB.3 = 1;
0000e4 9ac3      	SBI  0x18,3
                 ; 0000 0058     }
                 ; 0000 0059     if (data == 'u') {
                 _0x15:
0000e5 3715      	CPI  R17,117
0000e6 f409      	BRNE _0x18
                 ; 0000 005A         PORTB.4 = 1;
0000e7 9ac4      	SBI  0x18,4
                 ; 0000 005B     }
                 ; 0000 005C     if (data == 'i') {
                 _0x18:
0000e8 3619      	CPI  R17,105
0000e9 f409      	BRNE _0x1B
                 ; 0000 005D         PORTB.5 = 1;
0000ea 9ac5      	SBI  0x18,5
                 ; 0000 005E     }
                 ; 0000 005F     if (data == 'v') {
                 _0x1B:
0000eb 3716      	CPI  R17,118
0000ec f409      	BRNE _0x1E
                 ; 0000 0060         PORTB.6 = 1;
0000ed 9ac6      	SBI  0x18,6
                 ; 0000 0061     }
                 ; 0000 0062     if (data == 'x') {
                 _0x1E:
0000ee 3718      	CPI  R17,120
0000ef f409      	BRNE _0x21
                 ; 0000 0063         PORTB.7 = 1;
0000f0 9ac7      	SBI  0x18,7
                 ; 0000 0064     }
                 ; 0000 0065     // bat quat
                 ; 0000 0066     if (data == 'y'){
                 _0x21:
0000f1 3719      	CPI  R17,121
0000f2 f409      	BRNE _0x24
                 ; 0000 0067         PORTC.1=1;
0000f3 9aa9      	SBI  0x15,1
                 ; 0000 0068     }
                 ; 0000 0069     // tat den
                 ; 0000 006A     if (data == 'a') {
                 _0x24:
0000f4 3611      	CPI  R17,97
0000f5 f409      	BRNE _0x27
                 ; 0000 006B         PORTB.0 = 0;
0000f6 98c0      	CBI  0x18,0
                 ; 0000 006C     }
                 ; 0000 006D     if (data == 'b') {
                 _0x27:
0000f7 3612      	CPI  R17,98
0000f8 f409      	BRNE _0x2A
                 ; 0000 006E         PORTB.1 = 0;
0000f9 98c1      	CBI  0x18,1
                 ; 0000 006F     }
                 ; 0000 0070     if (data == 'c') {
                 _0x2A:
0000fa 3613      	CPI  R17,99
0000fb f409      	BRNE _0x2D
                 ; 0000 0071         PORTB.2 = 0;
0000fc 98c2      	CBI  0x18,2
                 ; 0000 0072     }
                 ; 0000 0073     if (data == 'd') {
                 _0x2D:
0000fd 3614      	CPI  R17,100
0000fe f409      	BRNE _0x30
                 ; 0000 0074         PORTB.3 = 0;
0000ff 98c3      	CBI  0x18,3
                 ; 0000 0075     }
                 ; 0000 0076     if (data == 'e') {
                 _0x30:
000100 3615      	CPI  R17,101
000101 f409      	BRNE _0x33
                 ; 0000 0077         PORTB.4 = 0;
000102 98c4      	CBI  0x18,4
                 ; 0000 0078     }
                 ; 0000 0079     if (data == 'f') {
                 _0x33:
000103 3616      	CPI  R17,102
000104 f409      	BRNE _0x36
                 ; 0000 007A         PORTB.5 = 0;
000105 98c5      	CBI  0x18,5
                 ; 0000 007B     }
                 ; 0000 007C     if (data == 'g') {
                 _0x36:
000106 3617      	CPI  R17,103
000107 f409      	BRNE _0x39
                 ; 0000 007D         PORTB.6 = 0;
000108 98c6      	CBI  0x18,6
                 ; 0000 007E     }
                 ; 0000 007F     if (data == 'h') {
                 _0x39:
000109 3618      	CPI  R17,104
00010a f409      	BRNE _0x3C
                 ; 0000 0080         PORTB.7 = 0;
00010b 98c7      	CBI  0x18,7
                 ; 0000 0081     }
                 ; 0000 0082     // tat Quat
                 ; 0000 0083     if (data == 'j'){
                 _0x3C:
00010c 361a      	CPI  R17,106
00010d f409      	BRNE _0x3F
                 ; 0000 0084         PORTC.1=0;
00010e 98a9      	CBI  0x15,1
                 ; 0000 0085     }
                 ; 0000 0086     //timer
                 ; 0000 0087     if ((data >= 'A' && data <= 'Z') || (data >= '0' && data <= '9')){
                 _0x3F:
00010f 3411      	CPI  R17,65
000110 f010      	BRLO _0x43
000111 351b      	CPI  R17,91
000112 f028      	BRLO _0x45
                 _0x43:
000113 3310      	CPI  R17,48
000114 f010      	BRLO _0x46
000115 331a      	CPI  R17,58
000116 f008      	BRLO _0x45
                 _0x46:
000117 c007      	RJMP _0x42
                 _0x45:
                 ; 0000 0088     rx_buffer[index++] = data;
000118 01f2      	MOVW R30,R4
000119 9631      	ADIW R30,1
00011a 012f      	MOVW R4,R30
00011b 9731      	SBIW R30,1
00011c 54e4      	SUBI R30,LOW(-_rx_buffer)
00011d 4ffe      	SBCI R31,HIGH(-_rx_buffer)
00011e 8310      	ST   Z,R17
                 ; 0000 0089     }
                 ; 0000 008A     if (index==4){
                 _0x42:
00011f e0e4      	LDI  R30,LOW(4)
000120 e0f0      	LDI  R31,HIGH(4)
000121 15e4      	CP   R30,R4
000122 05f5      	CPC  R31,R5
000123 f011      	BREQ PC+3
000124 940c 01aa 	JMP _0x49
                 ; 0000 008B         if(strcmp(rx_buffer, "FOBD") == 0){
000126 940e 02c8 	CALL SUBOPT_0x1
                +
000128 e6e0     +LDI R30 , LOW ( _0x4B + ( 0 ) )
000129 e0f1     +LDI R31 , HIGH ( _0x4B + ( 0 ) )
                 	__POINTW1MN _0x4B,0
00012a 940e 02cd 	CALL SUBOPT_0x2
00012c f431      	BRNE _0x4A
                 ; 0000 008C               thoigian0 = 240;
00012d efe0      	LDI  R30,LOW(240)
00012e e0f0      	LDI  R31,HIGH(240)
00012f 013f      	MOVW R6,R30
                 ; 0000 008D               thoigian1 = 189;
000130 ebed      	LDI  R30,LOW(189)
000131 e0f0      	LDI  R31,HIGH(189)
000132 014f      	MOVW R8,R30
                 ; 0000 008E         }
                 ; 0000 008F         if(strcmp(rx_buffer, "E17B") == 0){
                 _0x4A:
000133 940e 02c8 	CALL SUBOPT_0x1
                +
000135 e6e5     +LDI R30 , LOW ( _0x4B + ( 5 ) )
000136 e0f1     +LDI R31 , HIGH ( _0x4B + ( 5 ) )
                 	__POINTW1MN _0x4B,5
000137 940e 02cd 	CALL SUBOPT_0x2
000139 f431      	BRNE _0x4C
                 ; 0000 0090               thoigian0 = 225;
00013a eee1      	LDI  R30,LOW(225)
00013b e0f0      	LDI  R31,HIGH(225)
00013c 013f      	MOVW R6,R30
                 ; 0000 0091               thoigian1 = 123;
00013d e7eb      	LDI  R30,LOW(123)
00013e e0f0      	LDI  R31,HIGH(123)
00013f 014f      	MOVW R8,R30
                 ; 0000 0092         }
                 ; 0000 0093         if(strcmp(rx_buffer, "D239") == 0){
                 _0x4C:
000140 940e 02c8 	CALL SUBOPT_0x1
                +
000142 e6ea     +LDI R30 , LOW ( _0x4B + ( 10 ) )
000143 e0f1     +LDI R31 , HIGH ( _0x4B + ( 10 ) )
                 	__POINTW1MN _0x4B,10
000144 940e 02cd 	CALL SUBOPT_0x2
000146 f431      	BRNE _0x4D
                 ; 0000 0094               thoigian0 = 210;
000147 ede2      	LDI  R30,LOW(210)
000148 e0f0      	LDI  R31,HIGH(210)
000149 013f      	MOVW R6,R30
                 ; 0000 0095               thoigian1 = 57;
00014a e3e9      	LDI  R30,LOW(57)
00014b e0f0      	LDI  R31,HIGH(57)
00014c 014f      	MOVW R8,R30
                 ; 0000 0096         }
                 ; 0000 0097         if(strcmp(rx_buffer, "C2F6") == 0){
                 _0x4D:
00014d 940e 02c8 	CALL SUBOPT_0x1
                +
00014f e6ef     +LDI R30 , LOW ( _0x4B + ( 15 ) )
000150 e0f1     +LDI R31 , HIGH ( _0x4B + ( 15 ) )
                 	__POINTW1MN _0x4B,15
000151 940e 02cd 	CALL SUBOPT_0x2
000153 f431      	BRNE _0x4E
                 ; 0000 0098               thoigian0 = 194;
000154 ece2      	LDI  R30,LOW(194)
000155 e0f0      	LDI  R31,HIGH(194)
000156 013f      	MOVW R6,R30
                 ; 0000 0099               thoigian1 = 246;
000157 efe6      	LDI  R30,LOW(246)
000158 e0f0      	LDI  R31,HIGH(246)
000159 014f      	MOVW R8,R30
                 ; 0000 009A         }
                 ; 0000 009B         if(strcmp(rx_buffer, "B3B4") == 0){
                 _0x4E:
00015a 940e 02c8 	CALL SUBOPT_0x1
                +
00015c e7e4     +LDI R30 , LOW ( _0x4B + ( 20 ) )
00015d e0f1     +LDI R31 , HIGH ( _0x4B + ( 20 ) )
                 	__POINTW1MN _0x4B,20
00015e 940e 02cd 	CALL SUBOPT_0x2
000160 f431      	BRNE _0x4F
                 ; 0000 009C               thoigian0 = 179;
000161 ebe3      	LDI  R30,LOW(179)
000162 e0f0      	LDI  R31,HIGH(179)
000163 013f      	MOVW R6,R30
                 ; 0000 009D               thoigian1 = 180;
000164 ebe4      	LDI  R30,LOW(180)
000165 e0f0      	LDI  R31,HIGH(180)
000166 014f      	MOVW R8,R30
                 ; 0000 009E         }
                 ; 0000 009F         if(strcmp(rx_buffer, "A472") == 0){
                 _0x4F:
000167 940e 02c8 	CALL SUBOPT_0x1
                +
000169 e7e9     +LDI R30 , LOW ( _0x4B + ( 25 ) )
00016a e0f1     +LDI R31 , HIGH ( _0x4B + ( 25 ) )
                 	__POINTW1MN _0x4B,25
00016b 940e 02cd 	CALL SUBOPT_0x2
00016d f431      	BRNE _0x50
                 ; 0000 00A0               thoigian0 = 164;
00016e eae4      	LDI  R30,LOW(164)
00016f e0f0      	LDI  R31,HIGH(164)
000170 013f      	MOVW R6,R30
                 ; 0000 00A1               thoigian1 = 114;
000171 e7e2      	LDI  R30,LOW(114)
000172 e0f0      	LDI  R31,HIGH(114)
000173 014f      	MOVW R8,R30
                 ; 0000 00A2         }
                 ; 0000 00A3         if(strcmp(rx_buffer, "9530") == 0){
                 _0x50:
000174 940e 02c8 	CALL SUBOPT_0x1
                +
000176 e7ee     +LDI R30 , LOW ( _0x4B + ( 30 ) )
000177 e0f1     +LDI R31 , HIGH ( _0x4B + ( 30 ) )
                 	__POINTW1MN _0x4B,30
000178 940e 02cd 	CALL SUBOPT_0x2
00017a f431      	BRNE _0x51
                 ; 0000 00A4               thoigian0 = 149;
00017b e9e5      	LDI  R30,LOW(149)
00017c e0f0      	LDI  R31,HIGH(149)
00017d 013f      	MOVW R6,R30
                 ; 0000 00A5               thoigian1 = 48;
00017e e3e0      	LDI  R30,LOW(48)
00017f e0f0      	LDI  R31,HIGH(48)
000180 014f      	MOVW R8,R30
                 ; 0000 00A6         }
                 ; 0000 00A7         if(strcmp(rx_buffer, "85ED") == 0){
                 _0x51:
000181 940e 02c8 	CALL SUBOPT_0x1
                +
000183 e8e3     +LDI R30 , LOW ( _0x4B + ( 35 ) )
000184 e0f1     +LDI R31 , HIGH ( _0x4B + ( 35 ) )
                 	__POINTW1MN _0x4B,35
000185 940e 02cd 	CALL SUBOPT_0x2
000187 f431      	BRNE _0x52
                 ; 0000 00A8               thoigian0 = 133;
000188 e8e5      	LDI  R30,LOW(133)
000189 e0f0      	LDI  R31,HIGH(133)
00018a 013f      	MOVW R6,R30
                 ; 0000 00A9               thoigian1 = 237;
00018b eeed      	LDI  R30,LOW(237)
00018c e0f0      	LDI  R31,HIGH(237)
00018d 014f      	MOVW R8,R30
                 ; 0000 00AA         }
                 ; 0000 00AB         if(strcmp(rx_buffer, "76AB") == 0){
                 _0x52:
00018e 940e 02c8 	CALL SUBOPT_0x1
                +
000190 e8e8     +LDI R30 , LOW ( _0x4B + ( 40 ) )
000191 e0f1     +LDI R31 , HIGH ( _0x4B + ( 40 ) )
                 	__POINTW1MN _0x4B,40
000192 940e 02cd 	CALL SUBOPT_0x2
000194 f431      	BRNE _0x53
                 ; 0000 00AC               thoigian0 = 118;
000195 e7e6      	LDI  R30,LOW(118)
000196 e0f0      	LDI  R31,HIGH(118)
000197 013f      	MOVW R6,R30
                 ; 0000 00AD               thoigian1 = 171;
000198 eaeb      	LDI  R30,LOW(171)
000199 e0f0      	LDI  R31,HIGH(171)
00019a 014f      	MOVW R8,R30
                 ; 0000 00AE         }
                 ; 0000 00AF         if(strcmp(rx_buffer, "6769") == 0){
                 _0x53:
00019b 940e 02c8 	CALL SUBOPT_0x1
                +
00019d e8ed     +LDI R30 , LOW ( _0x4B + ( 45 ) )
00019e e0f1     +LDI R31 , HIGH ( _0x4B + ( 45 ) )
                 	__POINTW1MN _0x4B,45
00019f 940e 02cd 	CALL SUBOPT_0x2
0001a1 f431      	BRNE _0x54
                 ; 0000 00B0               thoigian0 = 103;
0001a2 e6e7      	LDI  R30,LOW(103)
0001a3 e0f0      	LDI  R31,HIGH(103)
0001a4 013f      	MOVW R6,R30
                 ; 0000 00B1               thoigian1 = 105;
0001a5 e6e9      	LDI  R30,LOW(105)
0001a6 e0f0      	LDI  R31,HIGH(105)
0001a7 014f      	MOVW R8,R30
                 ; 0000 00B2         }
                 ; 0000 00B3         index=0;
                 _0x54:
0001a8 2444      	CLR  R4
0001a9 2455      	CLR  R5
                 ; 0000 00B4     }
                 ; 0000 00B5 }
                 _0x49:
0001aa 9119      	LD   R17,Y+
0001ab c03b      	RJMP _0x5C
                 
                 	.DSEG
                 _0x4B:
000160           	.BYTE 0x32
                 ;
                 ;//NGAT TIME
                 ;interrupt [TIM1_OVF] void timer1_ovf_isr(void){
                 ; 0000 00B8 interrupt [9] void timer1_ovf_isr(void){
                 
                 	.CSEG
                 _timer1_ovf_isr:
                 ; 0000 00B9    TCNT1H=thoigian0;
0001ac bc6d      	OUT  0x2D,R6
                 ; 0000 00BA    TCNT1L=thoigian1;
0001ad bc8c      	OUT  0x2C,R8
                 ; 0000 00BB    PORTC.0=~PORTC.0;
0001ae 9ba8      	SBIS 0x15,0
0001af c002      	RJMP _0x55
0001b0 98a8      	CBI  0x15,0
0001b1 c001      	RJMP _0x56
                 _0x55:
0001b2 9aa8      	SBI  0x15,0
                 _0x56:
                 ; 0000 00BC }
0001b3 9518      	RETI
                 ;
                 ;interrupt [EXT_INT0] void ext_int0_isr(void) {
                 ; 0000 00BE interrupt [2] void ext_int0_isr(void) {
                 _ext_int0_isr:
0001b4 940e 02ba 	CALL SUBOPT_0x0
                 ; 0000 00BF   a= k/10;
0001b6 940e 02d3 	CALL SUBOPT_0x3
0001b8 940e 0328 	CALL __DIVD21U
0001ba 93e0 01ac 	STS  _a,R30
0001bc 93f0 01ad 	STS  _a+1,R31
0001be 9360 01ae 	STS  _a+2,R22
0001c0 9370 01af 	STS  _a+3,R23
                 ; 0000 00C0   b= k%10;
0001c2 940e 02d3 	CALL SUBOPT_0x3
0001c4 940e 034d 	CALL __MODD21U
0001c6 93e0 01b0 	STS  _b,R30
0001c8 93f0 01b1 	STS  _b+1,R31
0001ca 9360 01b2 	STS  _b+2,R22
0001cc 9370 01b3 	STS  _b+3,R23
                 ; 0000 00C1   k++;
0001ce eba8      	LDI  R26,LOW(_k)
0001cf e0b1      	LDI  R27,HIGH(_k)
0001d0 940e 0351 	CALL __GETD1P_INC
                +
0001d2 5fef     +SUBI R30 , LOW ( - 1 )
0001d3 4fff     +SBCI R31 , HIGH ( - 1 )
0001d4 4f6f     +SBCI R22 , BYTE3 ( - 1 )
0001d5 4f7f     +SBCI R23 , BYTE4 ( - 1 )
                 	__SUBD1N -1
0001d6 940e 0356 	CALL __PUTDP1_DEC
                 ; 0000 00C2   uart_string_send("Counter: ");
                +
0001d8 e9e2     +LDI R30 , LOW ( _0x57 + ( 0 ) )
0001d9 e0f1     +LDI R31 , HIGH ( _0x57 + ( 0 ) )
                 	__POINTW1MN _0x57,0
0001da 93fa      	ST   -Y,R31
0001db 93ea      	ST   -Y,R30
0001dc dede      	RCALL _uart_string_send
                 ; 0000 00C3   uart_char_send(a+0x30);
0001dd 91e0 01ac 	LDS  R30,_a
0001df 940e 02e0 	CALL SUBOPT_0x4
                 ; 0000 00C4   uart_char_send(b+0x30);
0001e1 91e0 01b0 	LDS  R30,_b
0001e3 940e 02e0 	CALL SUBOPT_0x4
                 ; 0000 00C5   uart_char_send(10);
0001e5 940e 02e4 	CALL SUBOPT_0x5
                 ; 0000 00C6   uart_char_send(13);
                 ; 0000 00C7 }
                 _0x5C:
0001e7 91e9      	LD   R30,Y+
0001e8 bfef      	OUT  SREG,R30
0001e9 91f9      	LD   R31,Y+
0001ea 91e9      	LD   R30,Y+
0001eb 91b9      	LD   R27,Y+
0001ec 91a9      	LD   R26,Y+
0001ed 9199      	LD   R25,Y+
0001ee 9189      	LD   R24,Y+
0001ef 9179      	LD   R23,Y+
0001f0 9169      	LD   R22,Y+
0001f1 90f9      	LD   R15,Y+
0001f2 9019      	LD   R1,Y+
0001f3 9009      	LD   R0,Y+
0001f4 9518      	RETI
                 
                 	.DSEG
                 _0x57:
000192           	.BYTE 0xA
                 ;void main(void)
                 ; 0000 00C9 {
                 
                 	.CSEG
                 _main:
                 ; 0000 00CA // Declare your local variables here
                 ; 0000 00CB 
                 ; 0000 00CC // Input/Output Ports initialization
                 ; 0000 00CD // Port A initialization
                 ; 0000 00CE // Func7=In Func6=In Func5=In Func4=In Func3=In Func2=In Func1=In Func0=In
                 ; 0000 00CF // State7=T State6=T State5=T State4=T State3=T State2=T State1=T State0=T
                 ; 0000 00D0 PORTA=0x00;
0001f5 e0e0      	LDI  R30,LOW(0)
0001f6 bbeb      	OUT  0x1B,R30
                 ; 0000 00D1 DDRA=0xff;
0001f7 efef      	LDI  R30,LOW(255)
0001f8 bbea      	OUT  0x1A,R30
                 ; 0000 00D2 
                 ; 0000 00D3 // Port B initialization
                 ; 0000 00D4 // Func7=In Func6=In Func5=In Func4=In Func3=In Func2=In Func1=In Func0=In
                 ; 0000 00D5 // State7=T State6=T State5=T State4=T State3=T State2=T State1=T State0=T
                 ; 0000 00D6 PORTB=0x00;
0001f9 e0e0      	LDI  R30,LOW(0)
0001fa bbe8      	OUT  0x18,R30
                 ; 0000 00D7 DDRB=0xff;
0001fb efef      	LDI  R30,LOW(255)
0001fc bbe7      	OUT  0x17,R30
                 ; 0000 00D8 
                 ; 0000 00D9 // Port C initialization
                 ; 0000 00DA // Func7=In Func6=In Func5=In Func4=In Func3=In Func2=In Func1=In Func0=In
                 ; 0000 00DB // State7=T State6=T State5=T State4=T State3=T State2=T State1=T State0=T
                 ; 0000 00DC PORTC=0x00;
0001fd e0e0      	LDI  R30,LOW(0)
0001fe bbe5      	OUT  0x15,R30
                 ; 0000 00DD DDRC=0xff;
0001ff efef      	LDI  R30,LOW(255)
000200 bbe4      	OUT  0x14,R30
                 ; 0000 00DE 
                 ; 0000 00DF // Port D initialization
                 ; 0000 00E0 // Func7=In Func6=In Func5=In Func4=In Func3=In Func2=In Func1=In Func0=In
                 ; 0000 00E1 // State7=T State6=T State5=T State4=T State3=T State2=T State1=T State0=T
                 ; 0000 00E2 PORTD=0x00;
000201 e0e0      	LDI  R30,LOW(0)
000202 bbe2      	OUT  0x12,R30
                 ; 0000 00E3 DDRD=0x02;
000203 e0e2      	LDI  R30,LOW(2)
000204 bbe1      	OUT  0x11,R30
                 ; 0000 00E4 
                 ; 0000 00E5 
                 ; 0000 00E6 //khoi tao timer/counter 0
                 ; 0000 00E7 TCCR0=0x00;
000205 e0e0      	LDI  R30,LOW(0)
000206 bfe3      	OUT  0x33,R30
                 ; 0000 00E8 TCNT0=0x00;
000207 bfe2      	OUT  0x32,R30
                 ; 0000 00E9 OCR0=0x00;
000208 bfec      	OUT  0x3C,R30
                 ; 0000 00EA 
                 ; 0000 00EB //khoi tao timer/counter 1
                 ; 0000 00EC TCCR1A=0x00;
000209 bdef      	OUT  0x2F,R30
                 ; 0000 00ED //CHOP NHAY
                 ; 0000 00EE TCCR1B=0X05;
00020a e0e5      	LDI  R30,LOW(5)
00020b bdee      	OUT  0x2E,R30
                 ; 0000 00EF TIMSK=0X04;
00020c e0e4      	LDI  R30,LOW(4)
00020d bfe9      	OUT  0x39,R30
                 ; 0000 00F0 
                 ; 0000 00F1 ICR1H=0x00;
00020e e0e0      	LDI  R30,LOW(0)
00020f bde7      	OUT  0x27,R30
                 ; 0000 00F2 ICR1L=0x00;
000210 bde6      	OUT  0x26,R30
                 ; 0000 00F3 OCR1AH=0x00;
000211 bdeb      	OUT  0x2B,R30
                 ; 0000 00F4 OCR1AL=0x00;
000212 bdea      	OUT  0x2A,R30
                 ; 0000 00F5 OCR1BH=0x00;
000213 bde9      	OUT  0x29,R30
                 ; 0000 00F6 OCR1BL=0x00;
000214 bde8      	OUT  0x28,R30
                 ; 0000 00F7 
                 ; 0000 00F8 //cai dat tg diem bd cho bo dem
                 ; 0000 00F9 TCNT1H=thoigian0;
000215 bc6d      	OUT  0x2D,R6
                 ; 0000 00FA TCNT1L=thoigian1;
000216 bc8c      	OUT  0x2C,R8
                 ; 0000 00FB 
                 ; 0000 00FC // Timer/Counter 2 initialization
                 ; 0000 00FD // Clock source: System Clock
                 ; 0000 00FE // Clock value: Timer2 Stopped
                 ; 0000 00FF // Mode: Normal top=0xFF
                 ; 0000 0100 // OC2 output: Disconnected
                 ; 0000 0101 ASSR=0x00;
000217 bde2      	OUT  0x22,R30
                 ; 0000 0102 TCCR2=0x00;
000218 bde5      	OUT  0x25,R30
                 ; 0000 0103 TCNT2=0x00;
000219 bde4      	OUT  0x24,R30
                 ; 0000 0104 OCR2=0x00;
00021a bde3      	OUT  0x23,R30
                 ; 0000 0105 
                 ; 0000 0106 GICR|=0x40;
00021b b7eb      	IN   R30,0x3B
00021c 64e0      	ORI  R30,0x40
00021d bfeb      	OUT  0x3B,R30
                 ; 0000 0107 MCUCR=0x02;
00021e e0e2      	LDI  R30,LOW(2)
00021f bfe5      	OUT  0x35,R30
                 ; 0000 0108 MCUCSR=0x00;
000220 e0e0      	LDI  R30,LOW(0)
000221 bfe4      	OUT  0x34,R30
                 ; 0000 0109 GIFR=0x40;
000222 e4e0      	LDI  R30,LOW(64)
000223 bfea      	OUT  0x3A,R30
                 ; 0000 010A // External Interrupt(s) initialization
                 ; 0000 010B // INT0: Off
                 ; 0000 010C // INT1: Off
                 ; 0000 010D // INT2: Off
                 ; 0000 010E MCUCR=0x00;
000224 e0e0      	LDI  R30,LOW(0)
000225 bfe5      	OUT  0x35,R30
                 ; 0000 010F MCUCSR=0x00;
000226 bfe4      	OUT  0x34,R30
                 ; 0000 0110 
                 ; 0000 0111 //khoi tao adc
                 ; 0000 0112 ADMUX=ADC_VREF_TYPE & 0xff;
000227 b9e7      	OUT  0x7,R30
                 ; 0000 0113 ADCSRA=0x83;
000228 e8e3      	LDI  R30,LOW(131)
000229 b9e6      	OUT  0x6,R30
                 ; 0000 0114 
                 ; 0000 0115 // USART initialization
                 ; 0000 0116 // Communication Parameters: 8 Data, 1 Stop, No Parity
                 ; 0000 0117 // USART Receiver: On
                 ; 0000 0118 // USART Transmitter: On
                 ; 0000 0119 // USART Mode: Asynchronous
                 ; 0000 011A // USART Baud Rate: 9600
                 ; 0000 011B //khoi tao usart
                 ; 0000 011C UCSRA=0x00;
00022a e0e0      	LDI  R30,LOW(0)
00022b b9eb      	OUT  0xB,R30
                 ; 0000 011D UCSRB=0x98;
00022c e9e8      	LDI  R30,LOW(152)
00022d b9ea      	OUT  0xA,R30
                 ; 0000 011E UCSRC=0x86;
00022e e8e6      	LDI  R30,LOW(134)
00022f bde0      	OUT  0x20,R30
                 ; 0000 011F UBRRH=0x00;
000230 e0e0      	LDI  R30,LOW(0)
000231 bde0      	OUT  0x20,R30
                 ; 0000 0120 UBRRL=0x33;
000232 e3e3      	LDI  R30,LOW(51)
000233 b9e9      	OUT  0x9,R30
                 ; 0000 0121 
                 ; 0000 0122 //
                 ; 0000 0123 //// Analog Comparator initialization
                 ; 0000 0124 //// Analog Comparator: Off
                 ; 0000 0125 //// Analog Comparator Input Capture by Timer/Counter 1: Off
                 ; 0000 0126 ACSR=0x80;
000234 e8e0      	LDI  R30,LOW(128)
000235 b9e8      	OUT  0x8,R30
                 ; 0000 0127 SFIOR=0x00;
000236 e0e0      	LDI  R30,LOW(0)
000237 bfe0      	OUT  0x30,R30
                 ; 0000 0128 
                 ; 0000 0129 SPCR=0x00;
000238 b9ed      	OUT  0xD,R30
                 ; 0000 012A 
                 ; 0000 012B TWCR=0x00;
000239 bfe6      	OUT  0x36,R30
                 ; 0000 012C 
                 ; 0000 012D //bat ngat toan cuc
                 ; 0000 012E #asm("sei")
00023a 9478      	sei
                 ; 0000 012F while (1)
                 _0x58:
                 ; 0000 0130       {
                 ; 0000 0131       //nhiet do
                 ; 0000 0132       adc_out=read_adc(0);
00023b e0e0      	LDI  R30,LOW(0)
00023c 93ea      	ST   -Y,R30
00023d de6b      	RCALL _read_adc
00023e 2766      	CLR  R22
00023f 2777      	CLR  R23
000240 93e0 019c 	STS  _adc_out,R30
000242 93f0 019d 	STS  _adc_out+1,R31
000244 9360 019e 	STS  _adc_out+2,R22
000246 9370 019f 	STS  _adc_out+3,R23
                 ; 0000 0133       dienap=adc_out*5000/1023;
                +
000248 e8a8     +LDI R26 , LOW ( 0x1388 )
000249 e1b3     +LDI R27 , HIGH ( 0x1388 )
00024a e080     +LDI R24 , BYTE3 ( 0x1388 )
00024b e090     +LDI R25 , BYTE4 ( 0x1388 )
                 	__GETD2N 0x1388
00024c 940e 0308 	CALL __MULD12U
00024e 01df      	MOVW R26,R30
00024f 01cb      	MOVW R24,R22
                +
000250 efef     +LDI R30 , LOW ( 0x3FF )
000251 e0f3     +LDI R31 , HIGH ( 0x3FF )
000252 e060     +LDI R22 , BYTE3 ( 0x3FF )
000253 e070     +LDI R23 , BYTE4 ( 0x3FF )
                 	__GETD1N 0x3FF
000254 940e 0328 	CALL __DIVD21U
000256 93e0 01a0 	STS  _dienap,R30
000258 93f0 01a1 	STS  _dienap+1,R31
00025a 9360 01a2 	STS  _dienap+2,R22
00025c 9370 01a3 	STS  _dienap+3,R23
                 ; 0000 0134       nhietdo=dienap/10;
00025e 91a0 01a0 	LDS  R26,_dienap
000260 91b0 01a1 	LDS  R27,_dienap+1
000262 9180 01a2 	LDS  R24,_dienap+2
000264 9190 01a3 	LDS  R25,_dienap+3
000266 940e 02ec 	CALL SUBOPT_0x6
000268 93e0 01b4 	STS  _nhietdo,R30
00026a 93f0 01b5 	STS  _nhietdo+1,R31
00026c 9360 01b6 	STS  _nhietdo+2,R22
00026e 9370 01b7 	STS  _nhietdo+3,R23
                 ; 0000 0135 
                 ; 0000 0136       chuc=nhietdo/10;
000270 940e 02f3 	CALL SUBOPT_0x7
000272 940e 02ec 	CALL SUBOPT_0x6
000274 93e0 01a4 	STS  _chuc,R30
000276 93f0 01a5 	STS  _chuc+1,R31
000278 9360 01a6 	STS  _chuc+2,R22
00027a 9370 01a7 	STS  _chuc+3,R23
                 ; 0000 0137       dvi=nhietdo%10;
00027c 940e 02f3 	CALL SUBOPT_0x7
                +
00027e e0ea     +LDI R30 , LOW ( 0xA )
00027f e0f0     +LDI R31 , HIGH ( 0xA )
000280 e060     +LDI R22 , BYTE3 ( 0xA )
000281 e070     +LDI R23 , BYTE4 ( 0xA )
                 	__GETD1N 0xA
000282 940e 034d 	CALL __MODD21U
000284 93e0 01a8 	STS  _dvi,R30
000286 93f0 01a9 	STS  _dvi+1,R31
000288 9360 01aa 	STS  _dvi+2,R22
00028a 9370 01ab 	STS  _dvi+3,R23
                 ; 0000 0138       uart_char_send(chuc+0x30);
00028c 91e0 01a4 	LDS  R30,_chuc
00028e 940e 02e0 	CALL SUBOPT_0x4
                 ; 0000 0139       uart_char_send(dvi+0x30);
000290 91e0 01a8 	LDS  R30,_dvi
000292 940e 02e0 	CALL SUBOPT_0x4
                 ; 0000 013A       uart_char_send(10);
000294 940e 02e4 	CALL SUBOPT_0x5
                 ; 0000 013B       uart_char_send(13);
                 ; 0000 013C      //xuong hang
                 ; 0000 013D       delay_ms(200);
000296 ece8      	LDI  R30,LOW(200)
000297 e0f0      	LDI  R31,HIGH(200)
000298 93fa      	ST   -Y,R31
000299 93ea      	ST   -Y,R30
00029a 940e 02fc 	CALL _delay_ms
                 ; 0000 013E       }
00029c cf9e      	RJMP _0x58
                 ; 0000 013F 
                 ; 0000 0140 }
                 _0x5B:
00029d cfff      	RJMP _0x5B
                 	#ifndef __SLEEP_DEFINED__
                 	#endif
                 
                 	.CSEG
                 
                 	.CSEG
                 _strcmp:
00029e 91e9          ld   r30,y+
00029f 91f9          ld   r31,y+
0002a0 91a9          ld   r26,y+
0002a1 91b9          ld   r27,y+
                 strcmp0:
0002a2 916d          ld   r22,x+
0002a3 9171          ld   r23,z+
0002a4 1767          cp   r22,r23
0002a5 f421          brne strcmp1
0002a6 2366          tst  r22
0002a7 f7d1          brne strcmp0
                 strcmp3:
0002a8 27ee          clr  r30
0002a9 9508          ret
                 strcmp1:
0002aa 1b67          sub  r22,r23
0002ab f3e1          breq strcmp3
0002ac e0e1          ldi  r30,1
0002ad f408          brcc strcmp2
0002ae 50e2          subi r30,2
                 strcmp2:
0002af 9508          ret
                 _strlen:
0002b0 91a9          ld   r26,y+
0002b1 91b9          ld   r27,y+
0002b2 27ee          clr  r30
0002b3 27ff          clr  r31
                 strlen0:
0002b4 916d          ld   r22,x+
0002b5 2366          tst  r22
0002b6 f011          breq strlen1
0002b7 9631          adiw r30,1
0002b8 cffb          rjmp strlen0
                 strlen1:
0002b9 9508          ret
                 
                 	.CSEG
                 
                 	.DSEG
                 _adc_out:
00019c           	.BYTE 0x4
                 _dienap:
0001a0           	.BYTE 0x4
                 _chuc:
0001a4           	.BYTE 0x4
                 _dvi:
0001a8           	.BYTE 0x4
                 _a:
0001ac           	.BYTE 0x4
                 _b:
0001b0           	.BYTE 0x4
                 _nhietdo:
0001b4           	.BYTE 0x4
                 _k:
0001b8           	.BYTE 0x4
                 _rx_buffer:
0001bc           	.BYTE 0x8
                 
                 	.CSEG
                 ;OPTIMIZER ADDED SUBROUTINE, CALLED 2 TIMES, CODE SIZE REDUCTION:8 WORDS
                 SUBOPT_0x0:
0002ba 920a      	ST   -Y,R0
0002bb 921a      	ST   -Y,R1
0002bc 92fa      	ST   -Y,R15
0002bd 936a      	ST   -Y,R22
0002be 937a      	ST   -Y,R23
0002bf 938a      	ST   -Y,R24
0002c0 939a      	ST   -Y,R25
0002c1 93aa      	ST   -Y,R26
0002c2 93ba      	ST   -Y,R27
0002c3 93ea      	ST   -Y,R30
0002c4 93fa      	ST   -Y,R31
0002c5 b7ef      	IN   R30,SREG
0002c6 93ea      	ST   -Y,R30
0002c7 9508      	RET
                 
                 ;OPTIMIZER ADDED SUBROUTINE, CALLED 10 TIMES, CODE SIZE REDUCTION:15 WORDS
                 SUBOPT_0x1:
0002c8 ebec      	LDI  R30,LOW(_rx_buffer)
0002c9 e0f1      	LDI  R31,HIGH(_rx_buffer)
0002ca 93fa      	ST   -Y,R31
0002cb 93ea      	ST   -Y,R30
0002cc 9508      	RET
                 
                 ;OPTIMIZER ADDED SUBROUTINE, CALLED 10 TIMES, CODE SIZE REDUCTION:24 WORDS
                 SUBOPT_0x2:
0002cd 93fa      	ST   -Y,R31
0002ce 93ea      	ST   -Y,R30
0002cf 940e 029e 	CALL _strcmp
0002d1 30e0      	CPI  R30,0
0002d2 9508      	RET
                 
                 ;OPTIMIZER ADDED SUBROUTINE, CALLED 2 TIMES, CODE SIZE REDUCTION:7 WORDS
                 SUBOPT_0x3:
0002d3 91a0 01b8 	LDS  R26,_k
0002d5 91b0 01b9 	LDS  R27,_k+1
0002d7 9180 01ba 	LDS  R24,_k+2
0002d9 9190 01bb 	LDS  R25,_k+3
                +
0002db e0ea     +LDI R30 , LOW ( 0xA )
0002dc e0f0     +LDI R31 , HIGH ( 0xA )
0002dd e060     +LDI R22 , BYTE3 ( 0xA )
0002de e070     +LDI R23 , BYTE4 ( 0xA )
                 	__GETD1N 0xA
0002df 9508      	RET
                 
                 ;OPTIMIZER ADDED SUBROUTINE, CALLED 4 TIMES, CODE SIZE REDUCTION:3 WORDS
                 SUBOPT_0x4:
0002e0 5de0      	SUBI R30,-LOW(48)
0002e1 93ea      	ST   -Y,R30
0002e2 940c 00b5 	JMP  _uart_char_send
                 
                 ;OPTIMIZER ADDED SUBROUTINE, CALLED 2 TIMES, CODE SIZE REDUCTION:3 WORDS
                 SUBOPT_0x5:
0002e4 e0ea      	LDI  R30,LOW(10)
0002e5 93ea      	ST   -Y,R30
0002e6 940e 00b5 	CALL _uart_char_send
0002e8 e0ed      	LDI  R30,LOW(13)
0002e9 93ea      	ST   -Y,R30
0002ea 940c 00b5 	JMP  _uart_char_send
                 
                 ;OPTIMIZER ADDED SUBROUTINE, CALLED 2 TIMES, CODE SIZE REDUCTION:1 WORDS
                 SUBOPT_0x6:
                +
0002ec e0ea     +LDI R30 , LOW ( 0xA )
0002ed e0f0     +LDI R31 , HIGH ( 0xA )
0002ee e060     +LDI R22 , BYTE3 ( 0xA )
0002ef e070     +LDI R23 , BYTE4 ( 0xA )
                 	__GETD1N 0xA
0002f0 940e 0328 	CALL __DIVD21U
0002f2 9508      	RET
                 
                 ;OPTIMIZER ADDED SUBROUTINE, CALLED 2 TIMES, CODE SIZE REDUCTION:3 WORDS
                 SUBOPT_0x7:
0002f3 91a0 01b4 	LDS  R26,_nhietdo
0002f5 91b0 01b5 	LDS  R27,_nhietdo+1
0002f7 9180 01b6 	LDS  R24,_nhietdo+2
0002f9 9190 01b7 	LDS  R25,_nhietdo+3
0002fb 9508      	RET
                 
                 
                 	.CSEG
                 _delay_ms:
0002fc 91e9      	ld   r30,y+
0002fd 91f9      	ld   r31,y+
0002fe 9630      	adiw r30,0
0002ff f039      	breq __delay_ms1
                 __delay_ms0:
                +
000300 ed80     +LDI R24 , LOW ( 0x7D0 )
000301 e097     +LDI R25 , HIGH ( 0x7D0 )
                +__DELAY_USW_LOOP :
000302 9701     +SBIW R24 , 1
000303 f7f1     +BRNE __DELAY_USW_LOOP
                 	__DELAY_USW 0x7D0
000304 95a8      	wdr
000305 9731      	sbiw r30,1
000306 f7c9      	brne __delay_ms0
                 __delay_ms1:
000307 9508      	ret
                 
                 __MULD12U:
000308 9f7a      	MUL  R23,R26
000309 2d70      	MOV  R23,R0
00030a 9f6b      	MUL  R22,R27
00030b 0d70      	ADD  R23,R0
00030c 9ff8      	MUL  R31,R24
00030d 0d70      	ADD  R23,R0
00030e 9fe9      	MUL  R30,R25
00030f 0d70      	ADD  R23,R0
000310 9f6a      	MUL  R22,R26
000311 2d60      	MOV  R22,R0
000312 0d71      	ADD  R23,R1
000313 9ffb      	MUL  R31,R27
000314 0d60      	ADD  R22,R0
000315 1d71      	ADC  R23,R1
000316 9fe8      	MUL  R30,R24
000317 0d60      	ADD  R22,R0
000318 1d71      	ADC  R23,R1
000319 2788      	CLR  R24
00031a 9ffa      	MUL  R31,R26
00031b 2df0      	MOV  R31,R0
00031c 0d61      	ADD  R22,R1
00031d 1f78      	ADC  R23,R24
00031e 9feb      	MUL  R30,R27
00031f 0df0      	ADD  R31,R0
000320 1d61      	ADC  R22,R1
000321 1f78      	ADC  R23,R24
000322 9fea      	MUL  R30,R26
000323 2de0      	MOV  R30,R0
000324 0df1      	ADD  R31,R1
000325 1f68      	ADC  R22,R24
000326 1f78      	ADC  R23,R24
000327 9508      	RET
                 
                 __DIVD21U:
000328 933f      	PUSH R19
000329 934f      	PUSH R20
00032a 935f      	PUSH R21
00032b 2400      	CLR  R0
00032c 2411      	CLR  R1
00032d 2744      	CLR  R20
00032e 2755      	CLR  R21
00032f e230      	LDI  R19,32
                 __DIVD21U1:
000330 0faa      	LSL  R26
000331 1fbb      	ROL  R27
000332 1f88      	ROL  R24
000333 1f99      	ROL  R25
000334 1c00      	ROL  R0
000335 1c11      	ROL  R1
000336 1f44      	ROL  R20
000337 1f55      	ROL  R21
000338 1a0e      	SUB  R0,R30
000339 0a1f      	SBC  R1,R31
00033a 0b46      	SBC  R20,R22
00033b 0b57      	SBC  R21,R23
00033c f428      	BRCC __DIVD21U2
00033d 0e0e      	ADD  R0,R30
00033e 1e1f      	ADC  R1,R31
00033f 1f46      	ADC  R20,R22
000340 1f57      	ADC  R21,R23
000341 c001      	RJMP __DIVD21U3
                 __DIVD21U2:
000342 60a1      	SBR  R26,1
                 __DIVD21U3:
000343 953a      	DEC  R19
000344 f759      	BRNE __DIVD21U1
000345 01fd      	MOVW R30,R26
000346 01bc      	MOVW R22,R24
000347 01d0      	MOVW R26,R0
000348 01ca      	MOVW R24,R20
000349 915f      	POP  R21
00034a 914f      	POP  R20
00034b 913f      	POP  R19
00034c 9508      	RET
                 
                 __MODD21U:
00034d dfda      	RCALL __DIVD21U
00034e 01fd      	MOVW R30,R26
00034f 01bc      	MOVW R22,R24
000350 9508      	RET
                 
                 __GETD1P_INC:
000351 91ed      	LD   R30,X+
000352 91fd      	LD   R31,X+
000353 916d      	LD   R22,X+
000354 917d      	LD   R23,X+
000355 9508      	RET
                 
                 __PUTDP1_DEC:
000356 937e      	ST   -X,R23
000357 936e      	ST   -X,R22
000358 93fe      	ST   -X,R31
000359 93ee      	ST   -X,R30
00035a 9508      	RET
                 
                 ;END OF CODE MARKER
                 __END_OF_CODE:


RESOURCE USE INFORMATION
------------------------

Notice:
The register and instruction counts are symbol table hit counts,
and hence implicitly used resources are not counted, eg, the
'lpm' instruction without operands implicitly uses r0 and z,
none of which are counted.

x,y,z are separate entities in the symbol table and are
counted separately from r26..r31 here.

.dseg memory usage only counts static data declared with .byte

ATmega16 register use summary:
r0 :  21 r1 :  13 r2 :   0 r3 :   0 r4 :   4 r5 :   2 r6 :  12 r7 :   0 
r8 :  12 r9 :   0 r10:   0 r11:   0 r12:   0 r13:   0 r14:   0 r15:   2 
r16:   6 r17:  30 r18:   0 r19:   4 r20:   7 r21:   6 r22:  38 r23:  33 
r24:  29 r25:  11 r26:  24 r27:  17 r28:   3 r29:   1 r30: 210 r31:  75 
x  :  14 y  :  59 z  :   9 
Registers used: 25 out of 35 (71.4%)

ATmega16 instruction use summary:
.lds  :   0 .lds.l:   0 .sts  :   0 .sts.l:   0 adc   :  11 add   :  11 
adiw  :   5 and   :   0 andi  :   0 asr   :   0 bclr  :   0 bld   :   0 
brbc  :   0 brbs  :   0 brcc  :   2 brcs  :   0 break :   0 breq  :   5 
brge  :   0 brhc  :   0 brhs  :   0 brid  :   0 brie  :   0 brlo  :   4 
brlt  :   0 brmi  :   0 brne  :  37 brpl  :   0 brsh  :   1 brtc  :   0 
brts  :   0 brvc  :   0 brvs  :   0 bset  :   0 bst   :   0 call  :  46 
cbi   :  10 cbr   :   0 clc   :   0 clh   :   0 cli   :   1 cln   :   0 
clr   :  15 cls   :   0 clt   :   0 clv   :   0 clz   :   0 com   :   0 
cp    :   3 cpc   :   1 cpi   :  23 cpse  :   0 dec   :   3 des   :   0 
eor   :   0 fmul  :   0 fmuls :   0 fmulsu:   0 icall :   0 ijmp  :   0 
in    :   5 inc   :   0 jmp   :  25 ld    :  31 ldd   :   6 ldi   : 136 
lds   :  16 lpm   :   7 lsl   :   1 lsr   :   0 mov   :   5 movw  :  33 
mul   :  10 muls  :   0 mulsu :   0 neg   :   0 nop   :   0 or    :   0 
ori   :   1 out   :  56 pop   :   3 push  :   3 rcall :   4 ret   :  17 
reti  :   2 rjmp  :  13 rol   :   7 ror   :   0 sbc   :   3 sbci  :   4 
sbi   :  12 sbic  :   0 sbis  :   3 sbiw  :   6 sbr   :   1 sbrc  :   0 
sbrs  :   0 sec   :   0 seh   :   0 sei   :   1 sen   :   0 ser   :   0 
ses   :   0 set   :   0 sev   :   0 sez   :   0 sleep :   0 spm   :   0 
st    :  38 std   :   0 sts   :  28 sub   :   2 subi  :   5 swap  :   0 
tst   :   2 wdr   :   1 
Instructions used: 49 out of 116 (42.2%)

ATmega16 memory use summary [bytes]:
Segment   Begin    End      Code   Data   Used    Size   Use%
---------------------------------------------------------------
[.cseg] 0x000000 0x0006b6   1560    158   1718   16384  10.5%
[.dseg] 0x000060 0x0001c4      0    100    100    1119   8.9%
[.eseg] 0x000000 0x000000      0      0      0     512   0.0%

Assembly complete, 0 errors, 3 warnings
